# JRE version: OpenJDK Runtime Environment (21.0.3) (build 21.0.3+-12282718-b509.11)
# Java VM: OpenJDK 64-Bit Server VM (21.0.3+-12282718-b509.11, mixed mode, tiered, compressed oops, compressed class ptrs, g1 gc, windows-amd64)
GC Precious Log:
 CardTable entry size: 512
 Card Set container configuration: InlinePtr #cards 5 size 8 Array Of Cards #cards 12 size 40 Howl #buckets 4 coarsen threshold 1843 Howl Bitmap #cards 512 size 80 coarsen threshold 460 Card regions per heap region 1 cards per card region 2048
 CPUs: 8 total, 8 available
 Memory: 16297M
 Large Page Support: Disabled
 NUMA Support: Disabled
 Compressed Oops: Enabled (32-bit)
 Heap Region Size: 1M
 Heap Min Capacity: 8M
 Heap Initial Capacity: 256M
 Heap Max Capacity: 2G
 Pre-touch: Disabled
 Parallel Workers: 8
 Concurrent Workers: 2
 Concurrent Refinement Workers: 8
 Periodic GC: Disabled
Heap:
 garbage-first heap   total 423936K, used 370905K [0x0000000080000000, 0x0000000100000000)
  region size 1024K, 152 young (155648K), 15 survivors (15360K)
 Metaspace       used 187031K, committed 188480K, reserved 1245184K
  class space    used 24699K, committed 25408K, reserved 1048576K
GC Heap History (20 events):
Event: 1851.311 GC heap before
{Heap before GC invocations=61 (full 0):
 garbage-first heap   total 334848K, used 293490K [0x0000000080000000, 0x0000000100000000)
  region size 1024K, 93 young (95232K), 3 survivors (3072K)
 Metaspace       used 147583K, committed 150016K, reserved 1179648K
  class space    used 20111K, committed 21312K, reserved 1048576K
}
Event: 1851.327 GC heap after
{Heap after GC invocations=62 (full 0):
 garbage-first heap   total 334848K, used 216064K [0x0000000080000000, 0x0000000100000000)
  region size 1024K, 12 young (12288K), 12 survivors (12288K)
 Metaspace       used 147583K, committed 150016K, reserved 1179648K
  class space    used 20111K, committed 21312K, reserved 1048576K
}
Event: 1852.354 GC heap before
{Heap before GC invocations=62 (full 0):
 garbage-first heap   total 334848K, used 314368K [0x0000000080000000, 0x0000000100000000)
  region size 1024K, 94 young (96256K), 12 survivors (12288K)
 Metaspace       used 150837K, committed 153344K, reserved 1245184K
  class space    used 20416K, committed 21696K, reserved 1048576K
}
Event: 1852.375 GC heap after
{Heap after GC invocations=63 (full 0):
 garbage-first heap   total 340992K, used 224021K [0x0000000080000000, 0x0000000100000000)
  region size 1024K, 10 young (10240K), 10 survivors (10240K)
 Metaspace       used 150837K, committed 153344K, reserved 1245184K
  class space    used 20416K, committed 21696K, reserved 1048576K
}
Event: 1852.814 GC heap before
{Heap before GC invocations=63 (full 0):
 garbage-first heap   total 340992K, used 306965K [0x0000000080000000, 0x0000000100000000)
  region size 1024K, 92 young (94208K), 10 survivors (10240K)
 Metaspace       used 152979K, committed 155520K, reserved 1245184K
  class space    used 20625K, committed 21952K, reserved 1048576K
}
Event: 1852.828 GC heap after
{Heap after GC invocations=64 (full 0):
 garbage-first heap   total 340992K, used 231070K [0x0000000080000000, 0x0000000100000000)
  region size 1024K, 9 young (9216K), 9 survivors (9216K)
 Metaspace       used 152979K, committed 155520K, reserved 1245184K
  class space    used 20625K, committed 21952K, reserved 1048576K
}
Event: 1854.122 GC heap before
{Heap before GC invocations=65 (full 0):
 garbage-first heap   total 423936K, used 307870K [0x0000000080000000, 0x0000000100000000)
  region size 1024K, 85 young (87040K), 9 survivors (9216K)
 Metaspace       used 151574K, committed 155776K, reserved 1245184K
  class space    used 20129K, committed 21952K, reserved 1048576K
}
Event: 1854.135 GC heap after
{Heap after GC invocations=66 (full 0):
 garbage-first heap   total 423936K, used 232844K [0x0000000080000000, 0x0000000100000000)
  region size 1024K, 7 young (7168K), 7 survivors (7168K)
 Metaspace       used 151574K, committed 155776K, reserved 1245184K
  class space    used 20129K, committed 21952K, reserved 1048576K
}
Event: 1860.123 GC heap before
{Heap before GC invocations=66 (full 0):
 garbage-first heap   total 423936K, used 365964K [0x0000000080000000, 0x0000000100000000)
  region size 1024K, 138 young (141312K), 7 survivors (7168K)
 Metaspace       used 154080K, committed 156544K, reserved 1245184K
  class space    used 20441K, committed 21952K, reserved 1048576K
}
Event: 1860.152 GC heap after
{Heap after GC invocations=67 (full 0):
 garbage-first heap   total 423936K, used 221727K [0x0000000080000000, 0x0000000100000000)
  region size 1024K, 14 young (14336K), 14 survivors (14336K)
 Metaspace       used 154080K, committed 156544K, reserved 1245184K
  class space    used 20441K, committed 21952K, reserved 1048576K
}
Event: 1861.248 GC heap before
{Heap before GC invocations=67 (full 0):
 garbage-first heap   total 423936K, used 256543K [0x0000000080000000, 0x0000000100000000)
  region size 1024K, 50 young (51200K), 14 survivors (14336K)
 Metaspace       used 156319K, committed 158272K, reserved 1245184K
  class space    used 20759K, committed 21952K, reserved 1048576K
}
Event: 1861.263 GC heap after
{Heap after GC invocations=68 (full 0):
 garbage-first heap   total 423936K, used 228527K [0x0000000080000000, 0x0000000100000000)
  region size 1024K, 17 young (17408K), 17 survivors (17408K)
 Metaspace       used 156319K, committed 158272K, reserved 1245184K
  class space    used 20759K, committed 21952K, reserved 1048576K
}
Event: 1910.538 GC heap before
{Heap before GC invocations=69 (full 0):
 garbage-first heap   total 423936K, used 361647K [0x0000000080000000, 0x0000000100000000)
  region size 1024K, 150 young (153600K), 17 survivors (17408K)
 Metaspace       used 168793K, committed 170304K, reserved 1245184K
  class space    used 22278K, committed 23040K, reserved 1048576K
}
Event: 1910.564 GC heap after
{Heap after GC invocations=70 (full 0):
 garbage-first heap   total 423936K, used 224091K [0x0000000080000000, 0x0000000100000000)
  region size 1024K, 10 young (10240K), 10 survivors (10240K)
 Metaspace       used 168793K, committed 170304K, reserved 1245184K
  class space    used 22278K, committed 23040K, reserved 1048576K
}
Event: 1977.231 GC heap before
{Heap before GC invocations=70 (full 0):
 garbage-first heap   total 423936K, used 394075K [0x0000000080000000, 0x0000000100000000)
  region size 1024K, 160 young (163840K), 10 survivors (10240K)
 Metaspace       used 169228K, committed 170752K, reserved 1245184K
  class space    used 22280K, committed 23040K, reserved 1048576K
}
Event: 1977.263 GC heap after
{Heap after GC invocations=71 (full 0):
 garbage-first heap   total 423936K, used 213310K [0x0000000080000000, 0x0000000100000000)
  region size 1024K, 20 young (20480K), 20 survivors (20480K)
 Metaspace       used 169228K, committed 170752K, reserved 1245184K
  class space    used 22280K, committed 23040K, reserved 1048576K
}
Event: 1980.302 GC heap before
{Heap before GC invocations=71 (full 0):
 garbage-first heap   total 423936K, used 266558K [0x0000000080000000, 0x0000000100000000)
  region size 1024K, 74 young (75776K), 20 survivors (20480K)
 Metaspace       used 169372K, committed 170944K, reserved 1245184K
  class space    used 22280K, committed 23040K, reserved 1048576K
}
Event: 1980.329 GC heap after
{Heap after GC invocations=72 (full 0):
 garbage-first heap   total 423936K, used 215992K [0x0000000080000000, 0x0000000100000000)
  region size 1024K, 15 young (15360K), 15 survivors (15360K)
 Metaspace       used 169372K, committed 170944K, reserved 1245184K
  class space    used 22280K, committed 23040K, reserved 1048576K
}
Event: 1982.781 GC heap before
{Heap before GC invocations=73 (full 0):
 garbage-first heap   total 423936K, used 388024K [0x0000000080000000, 0x0000000100000000)
  region size 1024K, 176 young (180224K), 15 survivors (15360K)
 Metaspace       used 178383K, committed 179840K, reserved 1245184K
  class space    used 23397K, committed 24128K, reserved 1048576K
}
Event: 1982.805 GC heap after
{Heap after GC invocations=74 (full 0):
 garbage-first heap   total 423936K, used 230617K [0x0000000080000000, 0x0000000100000000)
  region size 1024K, 15 young (15360K), 15 survivors (15360K)
 Metaspace       used 178383K, committed 179840K, reserved 1245184K
  class space    used 23397K, committed 24128K, reserved 1048576K
}

